###############################################################
#  Generated by:      Cadence Innovus 16.12-s051_1
#  OS:                Linux x86_64(Host ID ee215lnx11.ecn.purdue.edu)
#  Generated on:      Tue Mar  6 20:20:31 2018
#  Design:            lab7_layout_design
#  Command:           verifyConnectivity -type all -error 1000 -warning 50
###############################################################
Verify Connectivity Report is created on Tue Mar  6 20:20:31 2018



Net gnd: has special routes with opens at (298.800, 330.450) (1314.000, 1241.550)
Net gnd: has special routes with opens at (842.100, 1264.500) (870.900, 1273.200)
Net gnd: has special routes with opens at (842.100, 298.800) (870.900, 307.500)
Net gnd: has special routes with opens at (842.100, 1231.650) (870.900, 1267.500)
Net gnd: has special routes with opens at (842.100, 304.500) (870.900, 340.350)
Net gnd: dangling Wire at (856.500, 1231.650) (856.500, 1231.650) on layer: M2
Net gnd: dangling Wire at (856.500, 1267.500) (856.500, 1267.500) on layer: M2
Net gnd: dangling Wire at (856.500, 304.500) (856.500, 304.500) on layer: M2
Net gnd: dangling Wire at (856.500, 340.350) (856.500, 340.350) on layer: M2

Begin Summary
    5 Problem(s) (IMPVFC-200): Special Wires: Pieces of the net are not connected together.
    4 Problem(s) (IMPVFC-94): The net has dangling wire(s).
    9 total info(s) created.
End Summary
